<?xml version="1.0" encoding="UTF-8"?>
<testng-results ignored="0" total="9" passed="8" failed="1" skipped="0">
  <reporter-output>
  </reporter-output>
  <suite started-at="2024-12-04T12:14:37 IST" name="Default suite" finished-at="2024-12-04T12:15:48 IST" duration-ms="70218">
    <groups>
    </groups>
    <test started-at="2024-12-04T12:14:37 IST" name="Default test" finished-at="2024-12-04T12:15:48 IST" duration-ms="70218">
      <class name="com.parabank.testcases.TC_RegisterCustomerTest">
        <test-method is-config="true" signature="setup()[pri:0, instance:com.parabank.testcases.TC_RegisterCustomerTest@79207381]" started-at="2024-12-04T12:14:38 IST" name="setup" finished-at="2024-12-04T12:14:42 IST" duration-ms="4134" status="PASS">
          <reporter-output>
          </reporter-output>
        </test-method> <!-- setup -->
        <test-method signature="verifyAppLaunch()[pri:1, instance:com.parabank.testcases.TC_RegisterCustomerTest@79207381]" started-at="2024-12-04T12:14:42 IST" name="verifyAppLaunch" finished-at="2024-12-04T12:14:49 IST" duration-ms="7642" status="PASS">
          <reporter-output>
          </reporter-output>
        </test-method> <!-- verifyAppLaunch -->
        <test-method signature="verifyRegistration(java.lang.String,java.lang.String,java.lang.String,java.lang.String,java.lang.String,java.lang.String,java.lang.String,java.lang.String,java.lang.String,java.lang.String,java.lang.String,java.lang.String)[pri:2, instance:com.parabank.testcases.TC_RegisterCustomerTest@79207381]" started-at="2024-12-04T12:14:51 IST" name="verifyRegistration" data-provider="customer-data" finished-at="2024-12-04T12:14:59 IST" depends-on-methods="com.parabank.testcases.TC_RegisterCustomerTest.verifyAppLaunch" duration-ms="8026" status="PASS">
          <params>
            <param index="0">
              <value>
                <![CDATA[Vikesh]]>
              </value>
            </param>
            <param index="1">
              <value>
                <![CDATA[Kumar]]>
              </value>
            </param>
            <param index="2">
              <value>
                <![CDATA[Birpur]]>
              </value>
            </param>
            <param index="3">
              <value>
                <![CDATA[Begusarai]]>
              </value>
            </param>
            <param index="4">
              <value>
                <![CDATA[Bihar]]>
              </value>
            </param>
            <param index="5">
              <value>
                <![CDATA[851101]]>
              </value>
            </param>
            <param index="6">
              <value>
                <![CDATA[1234567890]]>
              </value>
            </param>
            <param index="7">
              <value>
                <![CDATA[1]]>
              </value>
            </param>
            <param index="8">
              <value>
                <![CDATA[vikesh115]]>
              </value>
            </param>
            <param index="9">
              <value>
                <![CDATA[Vikesh@123]]>
              </value>
            </param>
            <param index="10">
              <value>
                <![CDATA[Vikesh@123]]>
              </value>
            </param>
            <param index="11">
              <value>
                <![CDATA[0]]>
              </value>
            </param>
          </params>
          <reporter-output>
          </reporter-output>
        </test-method> <!-- verifyRegistration -->
        <test-method signature="verifyLogOut()[pri:3, instance:com.parabank.testcases.TC_RegisterCustomerTest@79207381]" started-at="2024-12-04T12:14:59 IST" name="verifyLogOut" finished-at="2024-12-04T12:15:01 IST" depends-on-methods="com.parabank.testcases.TC_RegisterCustomerTest.verifyRegistration" duration-ms="1982" status="PASS">
          <reporter-output>
          </reporter-output>
        </test-method> <!-- verifyLogOut -->
        <test-method signature="verifyLogin()[pri:4, instance:com.parabank.testcases.TC_RegisterCustomerTest@79207381]" started-at="2024-12-04T12:15:01 IST" name="verifyLogin" finished-at="2024-12-04T12:15:05 IST" depends-on-methods="com.parabank.testcases.TC_RegisterCustomerTest.verifyRegistration" duration-ms="4363" status="PASS">
          <reporter-output>
          </reporter-output>
        </test-method> <!-- verifyLogin -->
        <test-method signature="verifyInitialAccountDetails()[pri:5, instance:com.parabank.testcases.TC_RegisterCustomerTest@79207381]" started-at="2024-12-04T12:15:05 IST" name="verifyInitialAccountDetails" finished-at="2024-12-04T12:15:09 IST" duration-ms="3519" status="PASS">
          <reporter-output>
          </reporter-output>
        </test-method> <!-- verifyInitialAccountDetails -->
        <test-method signature="verifyOpenNewAccount()[pri:6, instance:com.parabank.testcases.TC_RegisterCustomerTest@79207381]" started-at="2024-12-04T12:15:09 IST" name="verifyOpenNewAccount" finished-at="2024-12-04T12:15:21 IST" depends-on-methods="com.parabank.testcases.TC_RegisterCustomerTest.verifyLogin" duration-ms="12613" status="PASS">
          <reporter-output>
          </reporter-output>
        </test-method> <!-- verifyOpenNewAccount -->
        <test-method signature="verifyFundsTransfer()[pri:7, instance:com.parabank.testcases.TC_RegisterCustomerTest@79207381]" started-at="2024-12-04T12:15:21 IST" name="verifyFundsTransfer" finished-at="2024-12-04T12:15:30 IST" depends-on-methods="com.parabank.testcases.TC_RegisterCustomerTest.verifyOpenNewAccount" duration-ms="8719" status="PASS">
          <reporter-output>
          </reporter-output>
        </test-method> <!-- verifyFundsTransfer -->
        <test-method signature="verifyBillPayment()[pri:8, instance:com.parabank.testcases.TC_RegisterCustomerTest@79207381]" started-at="2024-12-04T12:15:30 IST" name="verifyBillPayment" finished-at="2024-12-04T12:15:42 IST" depends-on-methods="com.parabank.testcases.TC_RegisterCustomerTest.verifyLogin" duration-ms="11450" status="PASS">
          <reporter-output>
          </reporter-output>
        </test-method> <!-- verifyBillPayment -->
        <test-method signature="verifyFindTransactionsAPI()[pri:9, instance:com.parabank.testcases.TC_RegisterCustomerTest@79207381]" started-at="2024-12-04T12:15:42 IST" name="verifyFindTransactionsAPI" finished-at="2024-12-04T12:15:47 IST" duration-ms="5066" status="FAIL">
          <exception class="java.lang.AssertionError">
            <message>
              <![CDATA[expected [200] but found [401]]]>
            </message>
            <full-stacktrace>
              <![CDATA[java.lang.AssertionError: expected [200] but found [401]
at org.testng.Assert.fail(Assert.java:110)
at org.testng.Assert.failNotEquals(Assert.java:1577)
at org.testng.Assert.assertEqualsImpl(Assert.java:149)
at org.testng.Assert.assertEquals(Assert.java:131)
at org.testng.Assert.assertEquals(Assert.java:1418)
at org.testng.Assert.assertEquals(Assert.java:1382)
at org.testng.Assert.assertEquals(Assert.java:1428)
at com.parabank.testcases.TC_RegisterCustomerTest.verifyFindTransactionsAPI(TC_RegisterCustomerTest.java:193)
at java.base/jdk.internal.reflect.NativeMethodAccessorImpl.invoke0(Native Method)
at java.base/jdk.internal.reflect.NativeMethodAccessorImpl.invoke(NativeMethodAccessorImpl.java:62)
at java.base/jdk.internal.reflect.DelegatingMethodAccessorImpl.invoke(DelegatingMethodAccessorImpl.java:43)
at java.base/java.lang.reflect.Method.invoke(Method.java:566)
at org.testng.internal.invokers.MethodInvocationHelper.invokeMethod(MethodInvocationHelper.java:139)
at org.testng.internal.invokers.TestInvoker.invokeMethod(TestInvoker.java:677)
at org.testng.internal.invokers.TestInvoker.invokeTestMethod(TestInvoker.java:221)
at org.testng.internal.invokers.MethodRunner.runInSequence(MethodRunner.java:50)
at org.testng.internal.invokers.TestInvoker$MethodInvocationAgent.invoke(TestInvoker.java:969)
at org.testng.internal.invokers.TestInvoker.invokeTestMethods(TestInvoker.java:194)
at org.testng.internal.invokers.TestMethodWorker.invokeTestMethods(TestMethodWorker.java:148)
at org.testng.internal.invokers.TestMethodWorker.run(TestMethodWorker.java:128)
at java.base/java.util.ArrayList.forEach(ArrayList.java:1541)
at org.testng.TestRunner.privateRun(TestRunner.java:829)
at org.testng.TestRunner.run(TestRunner.java:602)
at org.testng.SuiteRunner.runTest(SuiteRunner.java:437)
at org.testng.SuiteRunner.runSequentially(SuiteRunner.java:431)
at org.testng.SuiteRunner.privateRun(SuiteRunner.java:391)
at org.testng.SuiteRunner.run(SuiteRunner.java:330)
at org.testng.SuiteRunnerWorker.runSuite(SuiteRunnerWorker.java:52)
at org.testng.SuiteRunnerWorker.run(SuiteRunnerWorker.java:95)
at org.testng.TestNG.runSuitesSequentially(TestNG.java:1256)
at org.testng.TestNG.runSuitesLocally(TestNG.java:1176)
at org.testng.TestNG.runSuites(TestNG.java:1099)
at org.testng.TestNG.run(TestNG.java:1067)
at org.testng.remote.AbstractRemoteTestNG.run(AbstractRemoteTestNG.java:115)
at org.testng.remote.RemoteTestNG.initAndRun(RemoteTestNG.java:251)
at org.testng.remote.RemoteTestNG.main(RemoteTestNG.java:77)
]]>
            </full-stacktrace>
          </exception> <!-- java.lang.AssertionError -->
          <reporter-output>
          </reporter-output>
        </test-method> <!-- verifyFindTransactionsAPI -->
        <test-method is-config="true" signature="tearDown()[pri:0, instance:com.parabank.testcases.TC_RegisterCustomerTest@79207381]" started-at="2024-12-04T12:15:47 IST" name="tearDown" finished-at="2024-12-04T12:15:48 IST" duration-ms="973" status="PASS">
          <reporter-output>
          </reporter-output>
        </test-method> <!-- tearDown -->
      </class> <!-- com.parabank.testcases.TC_RegisterCustomerTest -->
    </test> <!-- Default test -->
  </suite> <!-- Default suite -->
</testng-results>
